[temugebat0612.wixsite.com/mysite-1.html]
[static.parastorage.com/unpkg/core-js-bundle@3.2.1/minified.js]
[static.parastorage.com/unpkg/focus-within-polyfill@5.0.9/dist/focus-within-polyfill.js]
[backblue.gif]
[fade.gif]
[index.html]
[polyfill.io/v3/polyfill.mind82c.js]
[temugebat0612.wixsite.com/index.html]
[static.wixstatic.com/media/41d000_5a6f5e66164f46b8a63236887c8c8673.png/v1/fill/w_96,h_64,al_c,q_85,usm_0.66_1.00_0.01,blur_2,enc_auto/41d000_5a6f5e66164f46b8a63236887c8c8673.png]
[static.wixstatic.com/media/41d000_372d7e1687244ab3970d4faa1f28934a.png/v1/fill/w_20,h_25,al_c,q_85,usm_0.66_1.00_0.01,enc_auto/41d000_372d7e1687244ab3970d4faa1f28934a.png]
[static.wixstatic.com/media/84770f_17f60153824d4c83ae3566626e669e78_mv2.gif]
[static.wixstatic.com/media/f6b504_36e04619b3e5421590700ffd30412b56_mv2.jpeg/v1/fill/w_440,h_330,al_c,q_80,usm_0.66_1.00_0.01,enc_auto/IMG_8598.jpg]
[browser.sentry-cdn.com/6.18.2/bundle.min.js]
[temugebat0612.wixsite.com/sitemap.9.delayed]
[temugebat0612.wixsite.com/feed.a.delayed]
[temugebat0612.wixsite.com/${n.b.delayed]
[static.parastorage.com/services/wix-thunderbolt/dist/thunderbolt-commons.e08f3c56.bundle.min.js]
[static.parastorage.com/services/wix-thunderbolt/dist/main.9cae0d7b.bundle.min.js]
[static.parastorage.com/unpkg/lodash@4.17.21/lodash.min.js]
[static.parastorage.com/unpkg/react@16.14.0/umd/react.production.min.js]
[static.parastorage.com/unpkg/react-dom@16.14.0/umd/react-dom.production.min.js]
[temugebat0612.wixsite.com/decodeURIComponent(e.11.delayed]
[static.parastorage.com/services/tag-manager-client/1.705.0/siteTags.bundle.min.js]
[temugebat0612.wixsite.com/mysite-1.html]
[temugebat0612.wixsite.com/index.html]
[temugebat0612.wixsite.com/sitemap.html]
[temugebat0612.wixsite.com/feed.html]
[temugebat0612.wixsite.com/${n.html]
[temugebat0612.wixsite.com/decodeURIComponent(e.html]
[static.parastorage.com/services/wix-perf-measure/1.1058.0/wix-perf-measure.umd.min.js]
